TN:
SF:src/App.jsx
FN:33,AppRoutes
FN:96,App
FNF:2
FNH:0
FNDA:0,AppRoutes
FNDA:0,App
DA:24,0
DA:27,0
DA:34,0
DA:36,0
DA:37,0
DA:46,0
DA:97,0
LF:7
LH:0
BRDA:36,0,0,0
BRDA:36,0,1,0
BRDA:51,1,0,0
BRDA:51,1,1,0
BRF:4
BRH:0
end_of_record
TN:
SF:src/components/ProtectedRoute.jsx
FN:6,ProtectedRoute
FNF:1
FNH:0
FNDA:0,ProtectedRoute
DA:7,0
DA:8,0
DA:11,0
DA:12,0
DA:25,0
DA:26,0
DA:30,0
DA:31,0
DA:46,0
LF:9
LH:0
BRDA:6,0,0,0
BRDA:11,1,0,0
BRDA:11,1,1,0
BRDA:25,2,0,0
BRDA:25,2,1,0
BRDA:30,3,0,0
BRDA:30,3,1,0
BRDA:30,4,0,0
BRDA:30,4,1,0
BRF:9
BRH:0
end_of_record
TN:
SF:src/components/AIAssistant/AIChat.jsx
FN:38,(anonymous_0)
FN:52,(anonymous_1)
FN:58,(anonymous_2)
FN:62,(anonymous_3)
FN:66,(anonymous_4)
FN:84,(anonymous_5)
FN:102,(anonymous_6)
FN:112,(anonymous_7)
FN:142,(anonymous_8)
FN:156,(anonymous_9)
FN:166,(anonymous_10)
FN:172,(anonymous_11)
FN:176,(anonymous_12)
FN:183,(anonymous_13)
FN:188,(anonymous_14)
FN:216,(anonymous_15)
FN:258,(anonymous_16)
FN:267,(anonymous_17)
FN:284,(anonymous_18)
FN:288,(anonymous_19)
FN:301,(anonymous_20)
FN:311,(anonymous_21)
FN:321,(anonymous_22)
FN:335,(anonymous_23)
FN:349,(anonymous_24)
FN:390,(anonymous_25)
FN:417,(anonymous_26)
FN:426,(anonymous_27)
FN:446,(anonymous_28)
FN:451,(anonymous_29)
FN:470,(anonymous_30)
FNF:31
FNH:0
FNDA:0,(anonymous_0)
FNDA:0,(anonymous_1)
FNDA:0,(anonymous_2)
FNDA:0,(anonymous_3)
FNDA:0,(anonymous_4)
FNDA:0,(anonymous_5)
FNDA:0,(anonymous_6)
FNDA:0,(anonymous_7)
FNDA:0,(anonymous_8)
FNDA:0,(anonymous_9)
FNDA:0,(anonymous_10)
FNDA:0,(anonymous_11)
FNDA:0,(anonymous_12)
FNDA:0,(anonymous_13)
FNDA:0,(anonymous_14)
FNDA:0,(anonymous_15)
FNDA:0,(anonymous_16)
FNDA:0,(anonymous_17)
FNDA:0,(anonymous_18)
FNDA:0,(anonymous_19)
FNDA:0,(anonymous_20)
FNDA:0,(anonymous_21)
FNDA:0,(anonymous_22)
FNDA:0,(anonymous_23)
FNDA:0,(anonymous_24)
FNDA:0,(anonymous_25)
FNDA:0,(anonymous_26)
FNDA:0,(anonymous_27)
FNDA:0,(anonymous_28)
FNDA:0,(anonymous_29)
FNDA:0,(anonymous_30)
DA:35,0
DA:36,0
DA:38,0
DA:39,0
DA:40,0
DA:41,0
DA:42,0
DA:43,0
DA:44,0
DA:45,0
DA:46,0
DA:47,0
DA:48,0
DA:49,0
DA:52,0
DA:53,0
DA:54,0
DA:58,0
DA:59,0
DA:62,0
DA:63,0
DA:66,0
DA:67,0
DA:68,0
DA:75,0
DA:76,0
DA:77,0
DA:80,0
DA:84,0
DA:85,0
DA:86,0
DA:93,0
DA:94,0
DA:95,0
DA:98,0
DA:102,0
DA:103,0
DA:105,0
DA:112,0
DA:113,0
DA:114,0
DA:116,0
DA:117,0
DA:129,0
DA:131,0
DA:132,0
DA:142,0
DA:143,0
DA:146,0
DA:149,0
DA:156,0
DA:159,0
DA:160,0
DA:166,0
DA:168,0
DA:172,0
DA:173,0
DA:176,0
DA:177,0
DA:178,0
DA:179,0
DA:183,0
DA:184,0
DA:185,0
DA:188,0
DA:189,0
DA:190,0
DA:204,0
DA:205,0
DA:206,0
DA:207,0
DA:208,0
DA:211,0
DA:212,0
DA:216,0
DA:217,0
DA:218,0
DA:220,0
DA:258,0
DA:267,0
DA:285,0
DA:288,0
DA:301,0
DA:302,0
DA:304,0
DA:312,0
DA:321,0
DA:335,0
DA:336,0
DA:338,0
DA:339,0
DA:341,0
DA:349,0
DA:356,0
DA:390,0
DA:417,0
DA:426,0
DA:447,0
DA:448,0
DA:449,0
DA:451,0
DA:470,0
LF:102
LH:0
BRDA:75,0,0,0
BRDA:75,0,1,0
BRDA:77,1,0,0
BRDA:77,1,1,0
BRDA:93,2,0,0
BRDA:93,2,1,0
BRDA:102,3,0,0
BRDA:103,4,0,0
BRDA:103,4,1,0
BRDA:103,5,0,0
BRDA:103,5,1,0
BRDA:131,6,0,0
BRDA:131,6,1,0
BRDA:152,7,0,0
BRDA:152,7,1,0
BRDA:177,8,0,0
BRDA:177,8,1,0
BRDA:177,9,0,0
BRDA:177,9,1,0
BRDA:204,10,0,0
BRDA:204,10,1,0
BRDA:226,11,0,0
BRDA:226,11,1,0
BRDA:226,12,0,0
BRDA:226,12,1,0
BRDA:231,13,0,0
BRDA:231,13,1,0
BRDA:232,14,0,0
BRDA:232,14,1,0
BRDA:235,15,0,0
BRDA:235,15,1,0
BRDA:235,16,0,0
BRDA:235,16,1,0
BRDA:239,17,0,0
BRDA:239,17,1,0
BRDA:250,18,0,0
BRDA:250,18,1,0
BRDA:250,18,2,0
BRDA:271,19,0,0
BRDA:271,19,1,0
BRDA:280,20,0,0
BRDA:280,20,1,0
BRDA:280,20,2,0
BRDA:302,21,0,0
BRDA:302,21,1,0
BRDA:302,22,0,0
BRDA:302,22,1,0
BRDA:336,23,0,0
BRDA:336,23,1,0
BRDA:336,24,0,0
BRDA:336,24,1,0
BRDA:339,25,0,0
BRDA:339,25,1,0
BRDA:339,26,0,0
BRDA:339,26,1,0
BRDA:371,27,0,0
BRDA:371,27,1,0
BRDA:393,28,0,0
BRDA:393,28,1,0
BRDA:421,29,0,0
BRDA:421,29,1,0
BRDA:421,29,2,0
BRDA:428,30,0,0
BRDA:428,30,1,0
BRDA:428,30,2,0
BRDA:434,31,0,0
BRDA:434,31,1,0
BRDA:434,31,2,0
BRF:68
BRH:0
end_of_record
TN:
SF:src/components/AIAssistant/index.js
FNF:0
FNH:0
LF:0
LH:0
BRF:0
BRH:0
end_of_record
TN:
SF:src/components/AIWritingAssistant/AIWritingAssistant.jsx
FN:49,(anonymous_0)
FN:71,(anonymous_1)
FN:77,(anonymous_2)
FN:86,(anonymous_3)
FN:93,(anonymous_4)
FN:99,(anonymous_5)
FN:106,(anonymous_6)
FN:112,(anonymous_7)
FN:119,(anonymous_8)
FN:125,(anonymous_9)
FN:131,(anonymous_10)
FN:144,(anonymous_11)
FN:161,(anonymous_12)
FN:173,(anonymous_13)
FN:189,(anonymous_14)
FN:197,(anonymous_15)
FN:208,(anonymous_16)
FN:268,(anonymous_17)
FN:279,(anonymous_18)
FN:290,(anonymous_19)
FN:301,(anonymous_20)
FN:318,(anonymous_21)
FN:329,(anonymous_22)
FN:360,(anonymous_23)
FN:510,(anonymous_24)
FN:529,(anonymous_25)
FN:550,(anonymous_26)
FN:557,(anonymous_27)
FN:564,(anonymous_28)
FNF:29
FNH:0
FNDA:0,(anonymous_0)
FNDA:0,(anonymous_1)
FNDA:0,(anonymous_2)
FNDA:0,(anonymous_3)
FNDA:0,(anonymous_4)
FNDA:0,(anonymous_5)
FNDA:0,(anonymous_6)
FNDA:0,(anonymous_7)
FNDA:0,(anonymous_8)
FNDA:0,(anonymous_9)
FNDA:0,(anonymous_10)
FNDA:0,(anonymous_11)
FNDA:0,(anonymous_12)
FNDA:0,(anonymous_13)
FNDA:0,(anonymous_14)
FNDA:0,(anonymous_15)
FNDA:0,(anonymous_16)
FNDA:0,(anonymous_17)
FNDA:0,(anonymous_18)
FNDA:0,(anonymous_19)
FNDA:0,(anonymous_20)
FNDA:0,(anonymous_21)
FNDA:0,(anonymous_22)
FNDA:0,(anonymous_23)
FNDA:0,(anonymous_24)
FNDA:0,(anonymous_25)
FNDA:0,(anonymous_26)
FNDA:0,(anonymous_27)
FNDA:0,(anonymous_28)
DA:44,0
DA:45,0
DA:46,0
DA:47,0
DA:49,0
DA:59,0
DA:62,0
DA:63,0
DA:64,0
DA:65,0
DA:66,0
DA:69,0
DA:71,0
DA:75,0
DA:78,0
DA:79,0
DA:80,0
DA:81,0
DA:83,0
DA:87,0
DA:91,0
DA:94,0
DA:95,0
DA:96,0
DA:100,0
DA:104,0
DA:107,0
DA:108,0
DA:109,0
DA:113,0
DA:117,0
DA:120,0
DA:121,0
DA:122,0
DA:126,0
DA:131,0
DA:132,0
DA:140,0
DA:144,0
DA:145,0
DA:146,0
DA:147,0
DA:150,0
DA:157,0
DA:161,0
DA:162,0
DA:169,0
DA:173,0
DA:174,0
DA:175,0
DA:176,0
DA:179,0
DA:185,0
DA:189,0
DA:190,0
DA:191,0
DA:192,0
DA:197,0
DA:198,0
DA:204,0
DA:208,0
DA:209,0
DA:215,0
DA:218,0
DA:220,0
DA:268,0
DA:279,0
DA:290,0
DA:301,0
DA:319,0
DA:330,0
DA:361,0
DA:511,0
DA:530,0
DA:550,0
DA:557,0
DA:564,0
LF:77
LH:0
BRDA:56,0,0,0
BRDA:57,1,0,0
BRDA:78,2,0,0
BRDA:78,2,1,0
BRDA:80,3,0,0
BRDA:80,3,1,0
BRDA:94,4,0,0
BRDA:94,4,1,0
BRDA:107,5,0,0
BRDA:107,5,1,0
BRDA:120,6,0,0
BRDA:120,6,1,0
BRDA:136,7,0,0
BRDA:136,7,1,0
BRDA:137,8,0,0
BRDA:137,8,1,0
BRDA:145,9,0,0
BRDA:145,9,1,0
BRDA:174,10,0,0
BRDA:174,10,1,0
BRDA:190,11,0,0
BRDA:190,11,1,0
BRDA:190,12,0,0
BRDA:190,12,1,0
BRDA:204,13,0,0
BRDA:204,13,1,0
BRDA:215,14,0,0
BRDA:215,14,1,0
BRDA:228,15,0,0
BRDA:228,15,1,0
BRDA:243,16,0,0
BRDA:243,16,1,0
BRDA:264,17,0,0
BRDA:264,17,1,0
BRDA:275,18,0,0
BRDA:275,18,1,0
BRDA:286,19,0,0
BRDA:286,19,1,0
BRDA:297,20,0,0
BRDA:297,20,1,0
BRDA:310,21,0,0
BRDA:310,21,1,0
BRDA:348,22,0,0
BRDA:348,22,1,0
BRDA:381,23,0,0
BRDA:381,23,1,0
BRDA:405,24,0,0
BRDA:405,24,1,0
BRDA:408,25,0,0
BRDA:408,25,1,0
BRDA:432,26,0,0
BRDA:432,26,1,0
BRDA:457,27,0,0
BRDA:457,27,1,0
BRDA:460,28,0,0
BRDA:460,28,1,0
BRDA:484,29,0,0
BRDA:484,29,1,0
BRDA:499,30,0,0
BRDA:499,30,1,0
BRDA:505,31,0,0
BRDA:505,31,1,0
BRDA:524,32,0,0
BRDA:524,32,1,0
BRF:64
BRH:0
end_of_record
TN:
SF:src/components/Layout/AppLayout.jsx
FN:33,AppLayout
FN:40,(anonymous_1)
FN:62,(anonymous_2)
FN:143,(anonymous_3)
FN:148,(anonymous_4)
FN:170,(anonymous_5)
FN:249,(anonymous_6)
FNF:7
FNH:0
FNDA:0,AppLayout
FNDA:0,(anonymous_1)
FNDA:0,(anonymous_2)
FNDA:0,(anonymous_3)
FNDA:0,(anonymous_4)
FNDA:0,(anonymous_5)
FNDA:0,(anonymous_6)
DA:30,0
DA:31,0
DA:34,0
DA:35,0
DA:36,0
DA:37,0
DA:40,0
DA:41,0
DA:42,0
DA:43,0
DA:44,0
DA:49,0
DA:57,0
DA:62,0
DA:81,0
DA:134,0
DA:135,0
DA:143,0
DA:144,0
DA:148,0
DA:149,0
DA:152,0
DA:153,0
DA:154,0
DA:156,0
DA:159,0
DA:160,0
DA:161,0
DA:163,0
DA:166,0
DA:170,0
DA:171,0
DA:173,0
DA:174,0
DA:177,0
DA:178,0
DA:181,0
DA:184,0
DA:249,0
LF:39
LH:0
BRDA:134,0,0,0
BRDA:134,0,1,0
BRDA:152,1,0,0
BRDA:152,1,1,0
BRDA:153,2,0,0
BRDA:153,2,1,0
BRDA:159,3,0,0
BRDA:159,3,1,0
BRDA:160,4,0,0
BRDA:160,4,1,0
BRDA:173,5,0,0
BRDA:173,5,1,0
BRDA:177,6,0,0
BRDA:177,6,1,0
BRDA:210,7,0,0
BRDA:210,7,1,0
BRDA:234,8,0,0
BRDA:234,8,1,0
BRDA:240,9,0,0
BRDA:240,9,1,0
BRDA:248,10,0,0
BRDA:248,10,1,0
BRDA:255,11,0,0
BRDA:255,11,1,0
BRDA:256,12,0,0
BRDA:256,12,1,0
BRDA:257,13,0,0
BRDA:257,13,1,0
BRDA:258,14,0,0
BRDA:258,14,1,0
BRDA:259,15,0,0
BRDA:259,15,1,0
BRDA:260,16,0,0
BRDA:260,16,1,0
BRDA:261,17,0,0
BRDA:261,17,1,0
BRF:36
BRH:0
end_of_record
TN:
SF:src/contexts/AuthContext.jsx
FN:21,authReducer
FN:67,AuthProvider
FN:71,(anonymous_2)
FN:72,(anonymous_3)
FN:105,(anonymous_4)
FN:133,(anonymous_5)
FN:161,(anonymous_6)
FN:176,(anonymous_7)
FN:182,(anonymous_8)
FN:187,(anonymous_9)
FN:206,(anonymous_10)
FN:210,(anonymous_11)
FN:235,useAuth
FNF:13
FNH:0
FNDA:0,authReducer
FNDA:0,AuthProvider
FNDA:0,(anonymous_2)
FNDA:0,(anonymous_3)
FNDA:0,(anonymous_4)
FNDA:0,(anonymous_5)
FNDA:0,(anonymous_6)
FNDA:0,(anonymous_7)
FNDA:0,(anonymous_8)
FNDA:0,(anonymous_9)
FNDA:0,(anonymous_10)
FNDA:0,(anonymous_11)
FNDA:0,useAuth
DA:5,0
DA:12,0
DA:22,0
DA:24,0
DA:30,0
DA:38,0
DA:45,0
DA:53,0
DA:59,0
DA:64,0
DA:68,0
DA:71,0
DA:72,0
DA:73,0
DA:74,0
DA:76,0
DA:77,0
DA:78,0
DA:79,0
DA:83,0
DA:84,0
DA:85,0
DA:86,0
DA:89,0
DA:90,0
DA:91,0
DA:95,0
DA:96,0
DA:97,0
DA:101,0
DA:105,0
DA:106,0
DA:107,0
DA:108,0
DA:110,0
DA:112,0
DA:113,0
DA:116,0
DA:117,0
DA:119,0
DA:121,0
DA:123,0
DA:124,0
DA:127,0
DA:128,0
DA:129,0
DA:133,0
DA:134,0
DA:135,0
DA:136,0
DA:138,0
DA:140,0
DA:141,0
DA:144,0
DA:145,0
DA:147,0
DA:149,0
DA:151,0
DA:152,0
DA:155,0
DA:156,0
DA:157,0
DA:161,0
DA:162,0
DA:164,0
DA:167,0
DA:170,0
DA:171,0
DA:172,0
DA:176,0
DA:177,0
DA:178,0
DA:179,0
DA:182,0
DA:183,0
DA:187,0
DA:188,0
DA:191,0
DA:194,0
DA:196,0
DA:198,0
DA:200,0
DA:202,0
DA:206,0
DA:207,0
DA:210,0
DA:211,0
DA:215,0
DA:227,0
DA:236,0
DA:237,0
DA:238,0
DA:240,0
LF:93
LH:0
BRDA:22,0,0,0
BRDA:22,0,1,0
BRDA:22,0,2,0
BRDA:22,0,3,0
BRDA:22,0,4,0
BRDA:22,0,5,0
BRDA:77,1,0,0
BRDA:77,1,1,0
BRDA:84,2,0,0
BRDA:84,2,1,0
BRDA:112,3,0,0
BRDA:112,3,1,0
BRDA:127,4,0,0
BRDA:127,4,1,0
BRDA:140,5,0,0
BRDA:140,5,1,0
BRDA:155,6,0,0
BRDA:155,6,1,0
BRDA:188,7,0,0
BRDA:188,7,1,0
BRDA:191,8,0,0
BRDA:191,8,1,0
BRDA:194,9,0,0
BRDA:194,9,1,0
BRDA:194,9,2,0
BRDA:194,9,3,0
BRDA:237,10,0,0
BRDA:237,10,1,0
BRF:28
BRH:0
end_of_record
TN:
SF:src/hooks/useAuth.js
FNF:0
FNH:0
LF:0
LH:0
BRF:0
BRH:0
end_of_record
TN:
SF:src/pages/AIAssistant/AIAssistantPage.jsx
FN:8,(anonymous_0)
FNF:1
FNH:0
FNDA:0,(anonymous_0)
DA:6,0
DA:8,0
DA:9,0
LF:3
LH:0
BRF:0
BRH:0
end_of_record
TN:
SF:src/pages/Admin/EntityRegistration.jsx
FN:110,EntityRegistration
FN:122,(anonymous_1)
FN:126,(anonymous_2)
FN:160,(anonymous_3)
FN:163,(anonymous_4)
FN:164,(anonymous_5)
FN:170,(anonymous_6)
FN:171,(anonymous_7)
FN:174,(anonymous_8)
FN:185,(anonymous_9)
FN:187,(anonymous_10)
FN:192,(anonymous_11)
FN:200,(anonymous_12)
FN:205,(anonymous_13)
FN:228,(anonymous_14)
FN:253,(anonymous_15)
FN:301,(anonymous_16)
FN:394,(anonymous_17)
FN:420,(anonymous_18)
FN:432,(anonymous_19)
FN:471,(anonymous_20)
FN:475,(anonymous_21)
FN:491,(anonymous_22)
FN:512,(anonymous_23)
FN:516,(anonymous_24)
FN:534,(anonymous_25)
FN:538,(anonymous_26)
FN:553,(anonymous_27)
FN:606,(anonymous_28)
FN:632,(anonymous_29)
FNF:30
FNH:0
FNDA:0,EntityRegistration
FNDA:0,(anonymous_1)
FNDA:0,(anonymous_2)
FNDA:0,(anonymous_3)
FNDA:0,(anonymous_4)
FNDA:0,(anonymous_5)
FNDA:0,(anonymous_6)
FNDA:0,(anonymous_7)
FNDA:0,(anonymous_8)
FNDA:0,(anonymous_9)
FNDA:0,(anonymous_10)
FNDA:0,(anonymous_11)
FNDA:0,(anonymous_12)
FNDA:0,(anonymous_13)
FNDA:0,(anonymous_14)
FNDA:0,(anonymous_15)
FNDA:0,(anonymous_16)
FNDA:0,(anonymous_17)
FNDA:0,(anonymous_18)
FNDA:0,(anonymous_19)
FNDA:0,(anonymous_20)
FNDA:0,(anonymous_21)
FNDA:0,(anonymous_22)
FNDA:0,(anonymous_23)
FNDA:0,(anonymous_24)
FNDA:0,(anonymous_25)
FNDA:0,(anonymous_26)
FNDA:0,(anonymous_27)
FNDA:0,(anonymous_28)
FNDA:0,(anonymous_29)
DA:42,0
DA:43,0
DA:44,0
DA:45,0
DA:46,0
DA:49,0
DA:91,0
DA:111,0
DA:112,0
DA:113,0
DA:114,0
DA:115,0
DA:118,0
DA:121,0
DA:123,0
DA:124,0
DA:127,0
DA:128,0
DA:132,0
DA:160,0
DA:161,0
DA:162,0
DA:163,0
DA:164,0
DA:166,0
DA:170,0
DA:171,0
DA:174,0
DA:175,0
DA:176,0
DA:177,0
DA:179,0
DA:181,0
DA:185,0
DA:186,0
DA:187,0
DA:188,0
DA:192,0
DA:193,0
DA:201,0
DA:205,0
DA:229,0
DA:253,0
DA:254,0
DA:302,0
DA:394,0
DA:420,0
DA:432,0
DA:433,0
DA:472,0
DA:476,0
DA:491,0
DA:492,0
DA:513,0
DA:517,0
DA:535,0
DA:539,0
DA:553,0
DA:554,0
DA:606,0
DA:607,0
DA:609,0
DA:611,0
DA:613,0
DA:615,0
DA:617,0
DA:619,0
DA:623,0
DA:633,0
LF:69
LH:0
BRDA:204,0,0,0
BRDA:204,0,1,0
BRDA:207,1,0,0
BRDA:207,1,1,0
BRDA:240,2,0,0
BRDA:240,2,1,0
BRDA:381,3,0,0
BRDA:381,3,1,0
BRDA:450,4,0,0
BRDA:450,4,1,0
BRDA:450,4,2,0
BRDA:471,5,0,0
BRDA:471,5,1,0
BRDA:586,6,0,0
BRDA:586,6,1,0
BRDA:607,7,0,0
BRDA:607,7,1,0
BRDA:607,7,2,0
BRDA:607,7,3,0
BRDA:607,7,4,0
BRDA:607,7,5,0
BRDA:652,8,0,0
BRDA:652,8,1,0
BRDA:658,9,0,0
BRDA:658,9,1,0
BRDA:662,10,0,0
BRDA:662,10,1,0
BRDA:668,11,0,0
BRDA:668,11,1,0
BRF:29
BRH:0
end_of_record
TN:
SF:src/pages/Auth/LoginPage.jsx
FN:9,LoginPage
FN:19,(anonymous_1)
FNF:2
FNH:0
FNDA:0,LoginPage
FNDA:0,(anonymous_1)
DA:7,0
DA:10,0
DA:11,0
DA:12,0
DA:13,0
DA:16,0
DA:19,0
DA:20,0
DA:21,0
DA:23,0
DA:24,0
DA:29,0
DA:30,0
DA:34,0
DA:36,0
DA:40,0
LF:16
LH:0
BRDA:16,0,0,0
BRDA:16,0,1,0
BRDA:29,1,0,0
BRDA:29,1,1,0
BRDA:69,2,0,0
BRDA:69,2,1,0
BRF:6
BRH:0
end_of_record
TN:
SF:src/pages/Dashboard/Dashboard.jsx
FN:36,Dashboard
FN:51,(anonymous_1)
FN:56,(anonymous_2)
FN:61,(anonymous_3)
FN:92,(anonymous_4)
FN:110,(anonymous_5)
FN:116,(anonymous_6)
FN:148,(anonymous_7)
FN:259,(anonymous_8)
FN:263,(anonymous_9)
FN:324,(anonymous_10)
FNF:11
FNH:0
FNDA:0,Dashboard
FNDA:0,(anonymous_1)
FNDA:0,(anonymous_2)
FNDA:0,(anonymous_3)
FNDA:0,(anonymous_4)
FNDA:0,(anonymous_5)
FNDA:0,(anonymous_6)
FNDA:0,(anonymous_7)
FNDA:0,(anonymous_8)
FNDA:0,(anonymous_9)
FNDA:0,(anonymous_10)
DA:33,0
DA:34,0
DA:37,0
DA:38,0
DA:41,0
DA:49,0
DA:51,0
DA:54,0
DA:56,0
DA:59,0
DA:61,0
DA:67,0
DA:73,0
DA:76,0
DA:93,0
DA:98,0
DA:99,0
DA:110,0
DA:116,0
DA:120,0
DA:121,0
DA:133,0
DA:149,0
DA:259,0
DA:263,0
DA:325,0
LF:26
LH:0
BRDA:98,0,0,0
BRDA:98,0,1,0
BRDA:110,1,0,0
BRDA:110,1,1,0
BRDA:120,2,0,0
BRDA:120,2,1,0
BRDA:146,3,0,0
BRDA:146,3,1,0
BRDA:157,4,0,0
BRDA:157,4,1,0
BRDA:174,5,0,0
BRDA:174,5,1,0
BRDA:180,6,0,0
BRDA:180,6,1,0
BRDA:189,7,0,0
BRDA:189,7,1,0
BRDA:194,8,0,0
BRDA:194,8,1,0
BRDA:203,9,0,0
BRDA:203,9,1,0
BRDA:207,10,0,0
BRDA:207,10,1,0
BRDA:207,11,0,0
BRDA:207,11,1,0
BRDA:211,12,0,0
BRDA:211,12,1,0
BRDA:214,13,0,0
BRDA:214,13,1,0
BRDA:214,14,0,0
BRDA:214,14,1,0
BRDA:223,15,0,0
BRDA:223,15,1,0
BRDA:228,16,0,0
BRDA:228,16,1,0
BRDA:253,17,0,0
BRDA:253,17,1,0
BRDA:299,18,0,0
BRDA:299,18,1,0
BRDA:332,19,0,0
BRDA:332,19,1,0
BRDA:343,20,0,0
BRDA:343,20,1,0
BRDA:362,21,0,0
BRDA:362,21,1,0
BRF:44
BRH:0
end_of_record
TN:
SF:src/pages/Dashboard/EpeDashboard.jsx
FN:35,EpeDashboard
FN:105,(anonymous_1)
FN:116,(anonymous_2)
FN:124,(anonymous_3)
FN:206,(anonymous_4)
FN:369,(anonymous_5)
FN:371,(anonymous_6)
FNF:7
FNH:0
FNDA:0,EpeDashboard
FNDA:0,(anonymous_1)
FNDA:0,(anonymous_2)
FNDA:0,(anonymous_3)
FNDA:0,(anonymous_4)
FNDA:0,(anonymous_5)
FNDA:0,(anonymous_6)
DA:32,0
DA:33,0
DA:36,0
DA:37,0
DA:40,0
DA:67,0
DA:73,0
DA:80,0
DA:89,0
DA:97,0
DA:100,0
DA:106,0
DA:117,0
DA:125,0
DA:130,0
DA:131,0
DA:145,0
DA:176,0
DA:207,0
DA:369,0
DA:372,0
LF:21
LH:0
BRDA:130,0,0,0
BRDA:130,0,1,0
BRF:2
BRH:0
end_of_record
TN:
SF:src/pages/DocumentTemplates/DocumentTemplates.jsx
FN:50,(anonymous_0)
FN:70,(anonymous_1)
FN:78,(anonymous_2)
FN:83,(anonymous_3)
FN:89,(anonymous_4)
FN:99,(anonymous_5)
FN:102,(anonymous_6)
FN:109,(anonymous_7)
FN:118,(anonymous_8)
FN:125,(anonymous_9)
FN:129,(anonymous_10)
FN:135,(anonymous_11)
FN:150,(anonymous_12)
FN:164,(anonymous_13)
FN:169,(anonymous_14)
FN:180,(anonymous_15)
FN:193,(anonymous_16)
FN:201,(anonymous_17)
FN:209,(anonymous_18)
FN:217,(anonymous_19)
FN:250,(anonymous_20)
FN:269,(anonymous_21)
FN:277,(anonymous_22)
FN:281,(anonymous_23)
FN:308,(anonymous_24)
FN:314,(anonymous_25)
FN:360,(anonymous_26)
FN:384,(anonymous_27)
FN:424,(anonymous_28)
FN:438,(anonymous_29)
FN:453,(anonymous_30)
FN:468,(anonymous_31)
FN:479,(anonymous_32)
FN:496,(anonymous_33)
FN:497,(anonymous_34)
FN:521,(anonymous_35)
FN:536,(anonymous_36)
FN:565,(anonymous_37)
FN:573,(anonymous_38)
FN:587,(anonymous_39)
FN:588,(anonymous_40)
FN:646,(anonymous_41)
FN:649,(anonymous_42)
FN:672,(anonymous_43)
FN:673,(anonymous_44)
FNF:45
FNH:0
FNDA:0,(anonymous_0)
FNDA:0,(anonymous_1)
FNDA:0,(anonymous_2)
FNDA:0,(anonymous_3)
FNDA:0,(anonymous_4)
FNDA:0,(anonymous_5)
FNDA:0,(anonymous_6)
FNDA:0,(anonymous_7)
FNDA:0,(anonymous_8)
FNDA:0,(anonymous_9)
FNDA:0,(anonymous_10)
FNDA:0,(anonymous_11)
FNDA:0,(anonymous_12)
FNDA:0,(anonymous_13)
FNDA:0,(anonymous_14)
FNDA:0,(anonymous_15)
FNDA:0,(anonymous_16)
FNDA:0,(anonymous_17)
FNDA:0,(anonymous_18)
FNDA:0,(anonymous_19)
FNDA:0,(anonymous_20)
FNDA:0,(anonymous_21)
FNDA:0,(anonymous_22)
FNDA:0,(anonymous_23)
FNDA:0,(anonymous_24)
FNDA:0,(anonymous_25)
FNDA:0,(anonymous_26)
FNDA:0,(anonymous_27)
FNDA:0,(anonymous_28)
FNDA:0,(anonymous_29)
FNDA:0,(anonymous_30)
FNDA:0,(anonymous_31)
FNDA:0,(anonymous_32)
FNDA:0,(anonymous_33)
FNDA:0,(anonymous_34)
FNDA:0,(anonymous_35)
FNDA:0,(anonymous_36)
FNDA:0,(anonymous_37)
FNDA:0,(anonymous_38)
FNDA:0,(anonymous_39)
FNDA:0,(anonymous_40)
FNDA:0,(anonymous_41)
FNDA:0,(anonymous_42)
FNDA:0,(anonymous_43)
FNDA:0,(anonymous_44)
DA:45,0
DA:46,0
DA:47,0
DA:48,0
DA:50,0
DA:51,0
DA:52,0
DA:53,0
DA:56,0
DA:57,0
DA:58,0
DA:59,0
DA:60,0
DA:61,0
DA:62,0
DA:63,0
DA:64,0
DA:65,0
DA:68,0
DA:70,0
DA:76,0
DA:78,0
DA:81,0
DA:83,0
DA:87,0
DA:90,0
DA:91,0
DA:92,0
DA:95,0
DA:96,0
DA:100,0
DA:103,0
DA:107,0
DA:110,0
DA:111,0
DA:112,0
DA:114,0
DA:115,0
DA:119,0
DA:123,0
DA:126,0
DA:127,0
DA:130,0
DA:135,0
DA:136,0
DA:138,0
DA:146,0
DA:150,0
DA:151,0
DA:153,0
DA:160,0
DA:164,0
DA:165,0
DA:169,0
DA:170,0
DA:171,0
DA:172,0
DA:173,0
DA:174,0
DA:175,0
DA:180,0
DA:181,0
DA:189,0
DA:193,0
DA:194,0
DA:202,0
DA:203,0
DA:210,0
DA:211,0
DA:218,0
DA:219,0
DA:251,0
DA:264,0
DA:270,0
DA:278,0
DA:281,0
DA:287,0
DA:288,0
DA:289,0
DA:291,0
DA:308,0
DA:314,0
DA:361,0
DA:385,0
DA:425,0
DA:439,0
DA:454,0
DA:468,0
DA:480,0
DA:496,0
DA:497,0
DA:522,0
DA:537,0
DA:565,0
DA:573,0
DA:587,0
DA:588,0
DA:646,0
DA:649,0
DA:672,0
DA:674,0
DA:675,0
LF:102
LH:0
BRDA:95,0,0,0
BRDA:95,0,1,0
BRDA:114,1,0,0
BRDA:114,1,1,0
BRDA:143,2,0,0
BRDA:143,2,1,0
BRDA:157,3,0,0
BRDA:157,3,1,0
BRDA:170,4,0,0
BRDA:170,4,1,0
BRDA:170,4,2,0
BRDA:170,4,3,0
BRDA:170,4,4,0
BRDA:189,5,0,0
BRDA:189,5,1,0
BRDA:246,6,0,0
BRDA:246,6,1,0
BRDA:287,7,0,0
BRDA:287,7,1,0
BRDA:288,8,0,0
BRDA:288,8,1,0
BRDA:289,9,0,0
BRDA:289,9,1,0
BRDA:331,10,0,0
BRDA:331,10,1,0
BRDA:360,11,0,0
BRDA:360,11,1,0
BRDA:422,12,0,0
BRDA:422,12,1,0
BRDA:468,13,0,0
BRDA:468,13,1,0
BRDA:482,14,0,0
BRDA:482,14,1,0
BRF:33
BRH:0
end_of_record
TN:
SF:src/pages/Documents/DocumentEditor.jsx
FN:57,DocumentEditor
FN:86,(anonymous_1)
FN:89,(anonymous_2)
FN:100,(anonymous_3)
FN:106,(anonymous_4)
FN:115,(anonymous_5)
FN:123,(anonymous_6)
FN:127,(anonymous_7)
FN:133,(anonymous_8)
FN:137,(anonymous_9)
FN:143,(anonymous_10)
FN:150,(anonymous_11)
FN:159,(anonymous_12)
FN:167,(anonymous_13)
FN:174,(anonymous_14)
FN:182,(anonymous_15)
FN:185,(anonymous_16)
FN:194,(anonymous_17)
FN:198,(anonymous_18)
FN:203,(anonymous_19)
FN:214,(anonymous_20)
FN:225,(anonymous_21)
FN:232,(anonymous_22)
FN:244,(anonymous_23)
FN:250,(anonymous_24)
FN:256,(anonymous_25)
FN:276,(anonymous_26)
FN:305,(anonymous_27)
FN:328,(anonymous_28)
FN:336,(anonymous_29)
FN:344,(anonymous_30)
FN:364,(anonymous_31)
FN:373,(anonymous_32)
FN:376,(anonymous_33)
FN:396,(anonymous_34)
FN:404,(anonymous_35)
FN:411,(anonymous_36)
FN:442,(anonymous_37)
FN:457,(anonymous_38)
FN:460,(anonymous_39)
FN:570,(anonymous_40)
FN:582,(anonymous_41)
FN:610,(anonymous_42)
FN:622,(anonymous_43)
FN:661,(anonymous_44)
FN:673,(anonymous_45)
FN:689,(anonymous_46)
FNF:47
FNH:0
FNDA:0,DocumentEditor
FNDA:0,(anonymous_1)
FNDA:0,(anonymous_2)
FNDA:0,(anonymous_3)
FNDA:0,(anonymous_4)
FNDA:0,(anonymous_5)
FNDA:0,(anonymous_6)
FNDA:0,(anonymous_7)
FNDA:0,(anonymous_8)
FNDA:0,(anonymous_9)
FNDA:0,(anonymous_10)
FNDA:0,(anonymous_11)
FNDA:0,(anonymous_12)
FNDA:0,(anonymous_13)
FNDA:0,(anonymous_14)
FNDA:0,(anonymous_15)
FNDA:0,(anonymous_16)
FNDA:0,(anonymous_17)
FNDA:0,(anonymous_18)
FNDA:0,(anonymous_19)
FNDA:0,(anonymous_20)
FNDA:0,(anonymous_21)
FNDA:0,(anonymous_22)
FNDA:0,(anonymous_23)
FNDA:0,(anonymous_24)
FNDA:0,(anonymous_25)
FNDA:0,(anonymous_26)
FNDA:0,(anonymous_27)
FNDA:0,(anonymous_28)
FNDA:0,(anonymous_29)
FNDA:0,(anonymous_30)
FNDA:0,(anonymous_31)
FNDA:0,(anonymous_32)
FNDA:0,(anonymous_33)
FNDA:0,(anonymous_34)
FNDA:0,(anonymous_35)
FNDA:0,(anonymous_36)
FNDA:0,(anonymous_37)
FNDA:0,(anonymous_38)
FNDA:0,(anonymous_39)
FNDA:0,(anonymous_40)
FNDA:0,(anonymous_41)
FNDA:0,(anonymous_42)
FNDA:0,(anonymous_43)
FNDA:0,(anonymous_44)
FNDA:0,(anonymous_45)
FNDA:0,(anonymous_46)
DA:52,0
DA:53,0
DA:54,0
DA:55,0
DA:58,0
DA:59,0
DA:60,0
DA:61,0
DA:64,0
DA:65,0
DA:66,0
DA:67,0
DA:68,0
DA:69,0
DA:70,0
DA:71,0
DA:72,0
DA:75,0
DA:76,0
DA:79,0
DA:80,0
DA:81,0
DA:84,0
DA:86,0
DA:90,0
DA:91,0
DA:98,0
DA:100,0
DA:104,0
DA:106,0
DA:113,0
DA:115,0
DA:122,0
DA:124,0
DA:125,0
DA:128,0
DA:132,0
DA:134,0
DA:135,0
DA:138,0
DA:142,0
DA:144,0
DA:145,0
DA:149,0
DA:151,0
DA:152,0
DA:153,0
DA:154,0
DA:158,0
DA:160,0
DA:161,0
DA:162,0
DA:166,0
DA:168,0
DA:169,0
DA:173,0
DA:175,0
DA:176,0
DA:177,0
DA:182,0
DA:183,0
DA:184,0
DA:185,0
DA:186,0
DA:194,0
DA:198,0
DA:199,0
DA:200,0
DA:203,0
DA:204,0
DA:205,0
DA:210,0
DA:214,0
DA:215,0
DA:216,0
DA:218,0
DA:225,0
DA:226,0
DA:232,0
DA:233,0
DA:244,0
DA:245,0
DA:251,0
DA:256,0
DA:257,0
DA:264,0
DA:276,0
DA:277,0
DA:278,0
DA:280,0
DA:287,0
DA:289,0
DA:305,0
DA:306,0
DA:328,0
DA:336,0
DA:344,0
DA:364,0
DA:373,0
DA:374,0
DA:377,0
DA:396,0
DA:397,0
DA:404,0
DA:412,0
DA:457,0
DA:458,0
DA:461,0
DA:479,0
DA:480,0
DA:490,0
DA:570,0
DA:583,0
DA:610,0
DA:622,0
DA:661,0
DA:673,0
DA:689,0
LF:118
LH:0
BRDA:90,0,0,0
BRDA:90,0,1,0
BRDA:117,1,0,0
BRDA:117,1,1,0
BRDA:183,2,0,0
BRDA:183,2,1,0
BRDA:183,3,0,0
BRDA:183,3,1,0
BRDA:183,3,2,0
BRDA:204,4,0,0
BRDA:204,4,1,0
BRDA:215,5,0,0
BRDA:215,5,1,0
BRDA:236,6,0,0
BRDA:236,6,1,0
BRDA:237,7,0,0
BRDA:237,7,1,0
BRDA:278,8,0,0
BRDA:278,8,1,0
BRDA:287,9,0,0
BRDA:287,9,1,0
BRDA:292,10,0,0
BRDA:292,10,1,0
BRDA:295,11,0,0
BRDA:295,11,1,0
BRDA:312,12,0,0
BRDA:312,12,1,0
BRDA:318,13,0,0
BRDA:318,13,1,0
BRDA:320,14,0,0
BRDA:320,14,1,0
BRDA:323,15,0,0
BRDA:323,15,1,0
BRDA:337,16,0,0
BRDA:337,16,1,0
BRDA:339,17,0,0
BRDA:339,17,1,0
BRDA:345,18,0,0
BRDA:345,18,1,0
BRDA:350,19,0,0
BRDA:350,19,1,0
BRDA:350,19,2,0
BRDA:360,20,0,0
BRDA:360,20,1,0
BRDA:360,20,2,0
BRDA:419,21,0,0
BRDA:419,21,1,0
BRDA:428,22,0,0
BRDA:428,22,1,0
BRDA:438,23,0,0
BRDA:438,23,1,0
BRDA:479,24,0,0
BRDA:479,24,1,0
BRDA:503,25,0,0
BRDA:503,25,1,0
BRDA:517,26,0,0
BRDA:517,26,1,0
BRDA:522,27,0,0
BRDA:522,27,1,0
BRDA:527,28,0,0
BRDA:527,28,1,0
BRDA:547,29,0,0
BRDA:547,29,1,0
BRDA:554,30,0,0
BRDA:554,30,1,0
BRDA:554,30,2,0
BRDA:558,31,0,0
BRDA:558,31,1,0
BRDA:559,32,0,0
BRDA:559,32,1,0
BRF:70
BRH:0
end_of_record
TN:
SF:src/pages/KPI/MinistryDashboard.jsx
FN:47,MinistryDashboard
FN:55,(anonymous_1)
FN:64,(anonymous_2)
FN:75,(anonymous_3)
FN:144,(anonymous_4)
FN:152,(anonymous_5)
FN:166,(anonymous_6)
FN:173,(anonymous_7)
FN:180,(anonymous_8)
FN:197,(anonymous_9)
FN:219,(anonymous_10)
FN:237,(anonymous_11)
FN:279,(anonymous_12)
FN:312,(anonymous_13)
FN:340,(anonymous_14)
FN:361,(anonymous_15)
FN:374,(anonymous_16)
FN:383,(anonymous_17)
FN:401,(anonymous_18)
FN:419,(anonymous_19)
FN:480,(anonymous_20)
FN:538,(anonymous_21)
FN:560,(anonymous_22)
FN:566,(anonymous_23)
FNF:24
FNH:0
FNDA:0,MinistryDashboard
FNDA:0,(anonymous_1)
FNDA:0,(anonymous_2)
FNDA:0,(anonymous_3)
FNDA:0,(anonymous_4)
FNDA:0,(anonymous_5)
FNDA:0,(anonymous_6)
FNDA:0,(anonymous_7)
FNDA:0,(anonymous_8)
FNDA:0,(anonymous_9)
FNDA:0,(anonymous_10)
FNDA:0,(anonymous_11)
FNDA:0,(anonymous_12)
FNDA:0,(anonymous_13)
FNDA:0,(anonymous_14)
FNDA:0,(anonymous_15)
FNDA:0,(anonymous_16)
FNDA:0,(anonymous_17)
FNDA:0,(anonymous_18)
FNDA:0,(anonymous_19)
FNDA:0,(anonymous_20)
FNDA:0,(anonymous_21)
FNDA:0,(anonymous_22)
FNDA:0,(anonymous_23)
DA:43,0
DA:44,0
DA:45,0
DA:48,0
DA:49,0
DA:50,0
DA:53,0
DA:55,0
DA:62,0
DA:64,0
DA:72,0
DA:75,0
DA:76,0
DA:78,0
DA:144,0
DA:145,0
DA:147,0
DA:153,0
DA:166,0
DA:173,0
DA:181,0
DA:198,0
DA:205,0
DA:219,0
DA:220,0
DA:221,0
DA:222,0
DA:224,0
DA:238,0
DA:280,0
DA:312,0
DA:313,0
DA:315,0
DA:340,0
DA:361,0
DA:374,0
DA:375,0
DA:377,0
DA:384,0
DA:402,0
DA:420,0
DA:436,0
DA:538,0
DA:560,0
DA:567,0
LF:45
LH:0
BRDA:50,0,0,0
BRDA:50,0,1,0
BRDA:64,1,0,0
BRDA:64,1,1,0
BRDA:76,2,0,0
BRDA:76,2,1,0
BRDA:89,3,0,0
BRDA:89,3,1,0
BRDA:117,4,0,0
BRDA:117,4,1,0
BRDA:130,5,0,0
BRDA:130,5,1,0
BRDA:135,6,0,0
BRDA:135,6,1,0
BRDA:145,7,0,0
BRDA:145,7,1,0
BRDA:186,8,0,0
BRDA:186,8,1,0
BRDA:186,9,0,0
BRDA:186,9,1,0
BRDA:198,10,0,0
BRDA:198,10,1,0
BRDA:198,11,0,0
BRDA:198,11,1,0
BRDA:220,12,0,0
BRDA:220,12,1,0
BRDA:221,13,0,0
BRDA:221,13,1,0
BRDA:222,14,0,0
BRDA:222,14,1,0
BRDA:242,15,0,0
BRDA:242,15,1,0
BRDA:242,16,0,0
BRDA:242,16,1,0
BRDA:242,17,0,0
BRDA:242,17,1,0
BRDA:313,18,0,0
BRDA:313,18,1,0
BRDA:320,19,0,0
BRDA:320,19,1,0
BRDA:336,20,0,0
BRDA:336,20,1,0
BRDA:357,21,0,0
BRDA:357,21,1,0
BRDA:375,22,0,0
BRDA:375,22,1,0
BRDA:382,23,0,0
BRDA:382,23,1,0
BRDA:400,24,0,0
BRDA:400,24,1,0
BRDA:418,25,0,0
BRDA:418,25,1,0
BRDA:462,26,0,0
BRDA:462,26,1,0
BRDA:493,27,0,0
BRDA:493,27,1,0
BRDA:494,28,0,0
BRDA:494,28,1,0
BRDA:494,29,0,0
BRDA:494,29,1,0
BRDA:498,30,0,0
BRDA:498,30,1,0
BRDA:498,31,0,0
BRDA:498,31,1,0
BRF:64
BRH:0
end_of_record
TN:
SF:src/pages/Notifications/NotificationsPage.jsx
FN:16,NotificationsPage
FN:23,(anonymous_1)
FN:28,(anonymous_2)
FN:36,(anonymous_3)
FN:43,(anonymous_4)
FN:61,(anonymous_5)
FN:82,(anonymous_6)
FN:103,(anonymous_7)
FN:116,(anonymous_8)
FNF:9
FNH:0
FNDA:0,NotificationsPage
FNDA:0,(anonymous_1)
FNDA:0,(anonymous_2)
FNDA:0,(anonymous_3)
FNDA:0,(anonymous_4)
FNDA:0,(anonymous_5)
FNDA:0,(anonymous_6)
FNDA:0,(anonymous_7)
FNDA:0,(anonymous_8)
DA:14,0
DA:17,0
DA:18,0
DA:21,0
DA:23,0
DA:27,0
DA:29,0
DA:30,0
DA:35,0
DA:37,0
DA:38,0
DA:43,0
DA:44,0
DA:45,0
DA:48,0
DA:50,0
DA:52,0
DA:54,0
DA:56,0
DA:61,0
DA:62,0
DA:64,0
DA:66,0
DA:68,0
DA:70,0
DA:74,0
DA:82,0
DA:104,0
DA:116,0
LF:29
LH:0
BRDA:44,0,0,0
BRDA:44,0,1,0
BRDA:48,1,0,0
BRDA:48,1,1,0
BRDA:48,1,2,0
BRDA:48,1,3,0
BRDA:62,2,0,0
BRDA:62,2,1,0
BRDA:62,2,2,0
BRDA:62,2,3,0
BRDA:90,3,0,0
BRDA:90,3,1,0
BRDA:94,4,0,0
BRDA:94,4,1,0
BRDA:102,5,0,0
BRDA:102,5,1,0
BRDA:106,6,0,0
BRDA:106,6,1,0
BRDA:110,7,0,0
BRDA:110,7,1,0
BRDA:113,8,0,0
BRDA:113,8,1,0
BRDA:130,9,0,0
BRDA:130,9,1,0
BRDA:136,10,0,0
BRDA:136,10,1,0
BRDA:146,11,0,0
BRDA:146,11,1,0
BRDA:146,11,2,0
BRF:29
BRH:0
end_of_record
TN:
SF:src/pages/Profile/ProfilePage.jsx
FN:7,ProfilePage
FNF:1
FNH:0
FNDA:0,ProfilePage
DA:5,0
DA:8,0
DA:10,0
LF:3
LH:0
BRF:0
BRH:0
end_of_record
TN:
SF:src/pages/Reports/EpeReportWizard.jsx
FN:39,EpeReportWizard
FN:129,(anonymous_1)
FN:133,(anonymous_2)
FN:139,(anonymous_3)
FN:150,(anonymous_4)
FN:155,(anonymous_5)
FN:156,(anonymous_6)
FN:182,(anonymous_7)
FN:197,(anonymous_8)
FN:207,(anonymous_9)
FN:217,(anonymous_10)
FN:218,(anonymous_11)
FN:233,(anonymous_12)
FN:234,(anonymous_13)
FN:253,(anonymous_14)
FN:257,(anonymous_15)
FN:276,(anonymous_16)
FN:332,(anonymous_17)
FN:340,(anonymous_18)
FN:349,(anonymous_19)
FN:371,(anonymous_20)
FN:448,(anonymous_21)
FN:467,(anonymous_22)
FN:469,(anonymous_23)
FN:521,(anonymous_24)
FN:534,(anonymous_25)
FN:544,(anonymous_26)
FN:545,(anonymous_27)
FN:568,(anonymous_28)
FN:581,(anonymous_29)
FN:588,(anonymous_30)
FN:590,(anonymous_31)
FN:598,(anonymous_32)
FNF:33
FNH:0
FNDA:0,EpeReportWizard
FNDA:0,(anonymous_1)
FNDA:0,(anonymous_2)
FNDA:0,(anonymous_3)
FNDA:0,(anonymous_4)
FNDA:0,(anonymous_5)
FNDA:0,(anonymous_6)
FNDA:0,(anonymous_7)
FNDA:0,(anonymous_8)
FNDA:0,(anonymous_9)
FNDA:0,(anonymous_10)
FNDA:0,(anonymous_11)
FNDA:0,(anonymous_12)
FNDA:0,(anonymous_13)
FNDA:0,(anonymous_14)
FNDA:0,(anonymous_15)
FNDA:0,(anonymous_16)
FNDA:0,(anonymous_17)
FNDA:0,(anonymous_18)
FNDA:0,(anonymous_19)
FNDA:0,(anonymous_20)
FNDA:0,(anonymous_21)
FNDA:0,(anonymous_22)
FNDA:0,(anonymous_23)
FNDA:0,(anonymous_24)
FNDA:0,(anonymous_25)
FNDA:0,(anonymous_26)
FNDA:0,(anonymous_27)
FNDA:0,(anonymous_28)
FNDA:0,(anonymous_29)
FNDA:0,(anonymous_30)
FNDA:0,(anonymous_31)
FNDA:0,(anonymous_32)
DA:33,0
DA:34,0
DA:35,0
DA:36,0
DA:37,0
DA:40,0
DA:41,0
DA:42,0
DA:45,0
DA:57,0
DA:110,0
DA:122,0
DA:123,0
DA:124,0
DA:128,0
DA:130,0
DA:131,0
DA:134,0
DA:139,0
DA:140,0
DA:151,0
DA:156,0
DA:157,0
DA:183,0
DA:197,0
DA:207,0
DA:208,0
DA:218,0
DA:233,0
DA:235,0
DA:254,0
DA:258,0
DA:277,0
DA:332,0
DA:333,0
DA:335,0
DA:337,0
DA:341,0
DA:350,0
DA:371,0
DA:372,0
DA:444,0
DA:448,0
DA:449,0
DA:467,0
DA:469,0
DA:521,0
DA:522,0
DA:523,0
DA:524,0
DA:527,0
DA:528,0
DA:530,0
DA:534,0
DA:535,0
DA:536,0
DA:537,0
DA:539,0
DA:544,0
DA:545,0
DA:547,0
DA:568,0
DA:571,0
DA:581,0
DA:582,0
DA:583,0
DA:584,0
DA:587,0
DA:588,0
DA:589,0
DA:591,0
DA:594,0
DA:598,0
DA:599,0
DA:602,0
LF:75
LH:0
BRDA:154,0,0,0
BRDA:154,0,1,0
BRDA:160,1,0,0
BRDA:160,1,1,0
BRDA:194,2,0,0
BRDA:194,2,1,0
BRDA:232,3,0,0
BRDA:232,3,1,0
BRDA:326,4,0,0
BRDA:326,4,1,0
BRDA:335,5,0,0
BRDA:335,5,1,0
BRDA:345,6,0,0
BRDA:345,6,1,0
BRDA:347,7,0,0
BRDA:347,7,1,0
BRDA:355,8,0,0
BRDA:355,8,1,0
BRDA:357,9,0,0
BRDA:357,9,1,0
BRDA:444,10,0,0
BRDA:444,10,1,0
BRDA:478,11,0,0
BRDA:478,11,1,0
BRDA:479,12,0,0
BRDA:479,12,1,0
BRDA:486,13,0,0
BRDA:486,13,1,0
BRDA:549,14,0,0
BRDA:549,14,1,0
BRDA:582,15,0,0
BRDA:582,15,1,0
BRDA:582,16,0,0
BRDA:582,16,1,0
BRDA:587,17,0,0
BRDA:587,17,1,0
BRDA:618,18,0,0
BRDA:618,18,1,0
BRDA:619,19,0,0
BRDA:619,19,1,0
BRDA:620,20,0,0
BRDA:620,20,1,0
BRDA:625,21,0,0
BRDA:625,21,1,0
BRDA:630,22,0,0
BRDA:630,22,1,0
BRDA:635,23,0,0
BRDA:635,23,1,0
BRF:48
BRH:0
end_of_record
TN:
SF:src/pages/Reports/ReportCreate.jsx
FN:40,ReportCreate
FN:56,(anonymous_1)
FN:61,(anonymous_2)
FN:67,(anonymous_3)
FN:76,(anonymous_4)
FN:99,(anonymous_5)
FN:128,(anonymous_6)
FN:134,(anonymous_7)
FN:141,(anonymous_8)
FN:161,(anonymous_9)
FN:175,(anonymous_10)
FN:211,(anonymous_11)
FN:274,(anonymous_12)
FN:284,(anonymous_13)
FN:340,(anonymous_14)
FNF:15
FNH:0
FNDA:0,ReportCreate
FNDA:0,(anonymous_1)
FNDA:0,(anonymous_2)
FNDA:0,(anonymous_3)
FNDA:0,(anonymous_4)
FNDA:0,(anonymous_5)
FNDA:0,(anonymous_6)
FNDA:0,(anonymous_7)
FNDA:0,(anonymous_8)
FNDA:0,(anonymous_9)
FNDA:0,(anonymous_10)
FNDA:0,(anonymous_11)
FNDA:0,(anonymous_12)
FNDA:0,(anonymous_13)
FNDA:0,(anonymous_14)
DA:35,0
DA:36,0
DA:37,0
DA:38,0
DA:41,0
DA:42,0
DA:43,0
DA:44,0
DA:45,0
DA:47,0
DA:48,0
DA:51,0
DA:52,0
DA:55,0
DA:57,0
DA:58,0
DA:59,0
DA:62,0
DA:67,0
DA:68,0
DA:69,0
DA:70,0
DA:73,0
DA:74,0
DA:76,0
DA:79,0
DA:86,0
DA:88,0
DA:92,0
DA:94,0
DA:99,0
DA:100,0
DA:109,0
DA:113,0
DA:128,0
DA:129,0
DA:130,0
DA:134,0
DA:135,0
DA:136,0
DA:141,0
DA:142,0
DA:162,0
DA:176,0
DA:211,0
DA:212,0
DA:275,0
DA:284,0
DA:285,0
DA:332,0
DA:340,0
LF:51
LH:0
BRDA:68,0,0,0
BRDA:68,0,1,0
BRDA:103,1,0,0
BRDA:103,1,1,0
BRDA:104,2,0,0
BRDA:104,2,1,0
BRDA:105,3,0,0
BRDA:105,3,1,0
BRDA:106,4,0,0
BRDA:106,4,1,0
BRDA:129,5,0,0
BRDA:129,5,1,0
BRDA:135,6,0,0
BRDA:135,6,1,0
BRDA:255,7,0,0
BRDA:255,7,1,0
BRDA:257,8,0,0
BRDA:257,8,1,0
BRDA:270,9,0,0
BRDA:270,9,1,0
BRDA:369,10,0,0
BRDA:369,10,1,0
BRDA:370,11,0,0
BRDA:370,11,1,0
BRDA:371,12,0,0
BRDA:371,12,1,0
BRDA:378,13,0,0
BRDA:378,13,1,0
BRDA:387,14,0,0
BRDA:387,14,1,0
BRF:30
BRH:0
end_of_record
TN:
SF:src/pages/Reports/ReportDetail.jsx
FN:9,ReportDetail
FN:14,(anonymous_1)
FNF:2
FNH:0
FNDA:0,ReportDetail
FNDA:0,(anonymous_1)
DA:7,0
DA:10,0
DA:12,0
DA:14,0
DA:20,0
DA:21,0
DA:24,0
LF:7
LH:0
BRDA:20,0,0,0
BRDA:20,0,1,0
BRF:2
BRH:0
end_of_record
TN:
SF:src/pages/Reports/ReportEdit.jsx
FN:7,ReportEdit
FNF:1
FNH:0
FNDA:0,ReportEdit
DA:5,0
DA:8,0
DA:10,0
LF:3
LH:0
BRF:0
BRH:0
end_of_record
TN:
SF:src/pages/Reports/ReportExecution.jsx
FN:7,ReportExecution
FNF:1
FNH:0
FNDA:0,ReportExecution
DA:5,0
DA:8,0
DA:10,0
LF:3
LH:0
BRF:0
BRH:0
end_of_record
TN:
SF:src/pages/Schedules/ScheduleCreate.jsx
FN:6,ScheduleCreate
FNF:1
FNH:0
FNDA:0,ScheduleCreate
DA:4,0
DA:7,0
LF:2
LH:0
BRF:0
BRH:0
end_of_record
TN:
SF:src/pages/Schedules/ScheduleDetail.jsx
FN:7,ScheduleDetail
FNF:1
FNH:0
FNDA:0,ScheduleDetail
DA:5,0
DA:8,0
DA:10,0
LF:3
LH:0
BRF:0
BRH:0
end_of_record
TN:
SF:src/pages/Schedules/SchedulesList.jsx
FN:42,SchedulesList
FN:60,(anonymous_1)
FN:75,(anonymous_2)
FN:79,(anonymous_3)
FN:86,(anonymous_4)
FN:90,(anonymous_5)
FN:97,(anonymous_6)
FN:101,(anonymous_7)
FN:107,(anonymous_8)
FN:114,(anonymous_9)
FN:121,(anonymous_10)
FN:128,(anonymous_11)
FN:135,(anonymous_12)
FN:141,(anonymous_13)
FN:148,(anonymous_14)
FN:153,(anonymous_15)
FN:159,(anonymous_16)
FN:166,(anonymous_17)
FN:173,(anonymous_18)
FN:184,(anonymous_19)
FN:195,(anonymous_20)
FN:198,(anonymous_21)
FN:209,(anonymous_22)
FN:212,(anonymous_23)
FN:223,(anonymous_24)
FN:229,(anonymous_25)
FN:254,(anonymous_26)
FN:260,(anonymous_27)
FN:273,(anonymous_28)
FN:285,(anonymous_29)
FN:293,(anonymous_30)
FN:294,(anonymous_31)
FN:298,(anonymous_32)
FN:317,(anonymous_33)
FN:334,(anonymous_34)
FN:344,(anonymous_35)
FN:347,(anonymous_36)
FN:360,(anonymous_37)
FN:381,(anonymous_38)
FNF:39
FNH:0
FNDA:0,SchedulesList
FNDA:0,(anonymous_1)
FNDA:0,(anonymous_2)
FNDA:0,(anonymous_3)
FNDA:0,(anonymous_4)
FNDA:0,(anonymous_5)
FNDA:0,(anonymous_6)
FNDA:0,(anonymous_7)
FNDA:0,(anonymous_8)
FNDA:0,(anonymous_9)
FNDA:0,(anonymous_10)
FNDA:0,(anonymous_11)
FNDA:0,(anonymous_12)
FNDA:0,(anonymous_13)
FNDA:0,(anonymous_14)
FNDA:0,(anonymous_15)
FNDA:0,(anonymous_16)
FNDA:0,(anonymous_17)
FNDA:0,(anonymous_18)
FNDA:0,(anonymous_19)
FNDA:0,(anonymous_20)
FNDA:0,(anonymous_21)
FNDA:0,(anonymous_22)
FNDA:0,(anonymous_23)
FNDA:0,(anonymous_24)
FNDA:0,(anonymous_25)
FNDA:0,(anonymous_26)
FNDA:0,(anonymous_27)
FNDA:0,(anonymous_28)
FNDA:0,(anonymous_29)
FNDA:0,(anonymous_30)
FNDA:0,(anonymous_31)
FNDA:0,(anonymous_32)
FNDA:0,(anonymous_33)
FNDA:0,(anonymous_34)
FNDA:0,(anonymous_35)
FNDA:0,(anonymous_36)
FNDA:0,(anonymous_37)
FNDA:0,(anonymous_38)
DA:37,0
DA:38,0
DA:39,0
DA:40,0
DA:43,0
DA:48,0
DA:53,0
DA:54,0
DA:55,0
DA:58,0
DA:60,0
DA:71,0
DA:74,0
DA:76,0
DA:77,0
DA:80,0
DA:85,0
DA:87,0
DA:88,0
DA:91,0
DA:96,0
DA:98,0
DA:99,0
DA:102,0
DA:107,0
DA:108,0
DA:115,0
DA:121,0
DA:122,0
DA:123,0
DA:129,0
DA:135,0
DA:136,0
DA:142,0
DA:148,0
DA:153,0
DA:159,0
DA:166,0
DA:173,0
DA:184,0
DA:190,0
DA:196,0
DA:198,0
DA:210,0
DA:212,0
DA:223,0
DA:230,0
DA:231,0
DA:233,0
DA:234,0
DA:237,0
DA:238,0
DA:239,0
DA:241,0
DA:254,0
DA:261,0
DA:274,0
DA:285,0
DA:286,0
DA:293,0
DA:294,0
DA:298,0
DA:304,0
DA:317,0
DA:334,0
DA:344,0
DA:348,0
DA:360,0
DA:382,0
LF:69
LH:0
BRDA:122,0,0,0
BRDA:122,0,1,0
BRDA:171,1,0,0
BRDA:171,1,1,0
BRDA:172,2,0,0
BRDA:172,2,1,0
BRDA:230,3,0,0
BRDA:230,3,1,0
BRDA:233,4,0,0
BRDA:233,4,1,0
BRDA:243,5,0,0
BRDA:243,5,1,0
BRDA:244,6,0,0
BRDA:244,6,1,0
BRDA:254,7,0,0
BRDA:254,7,1,0
BRDA:262,8,0,0
BRDA:262,8,1,0
BRDA:263,9,0,0
BRDA:263,9,1,0
BRDA:265,10,0,0
BRDA:265,10,1,0
BRDA:313,11,0,0
BRDA:313,11,1,0
BRDA:372,12,0,0
BRDA:372,12,1,0
BRDA:378,13,0,0
BRDA:378,13,1,0
BRF:28
BRH:0
end_of_record
TN:
SF:src/pages/Sessions/SessionRoom.jsx
FN:71,SessionRoom
FN:100,(anonymous_1)
FN:109,(anonymous_2)
FN:118,(anonymous_3)
FN:127,(anonymous_4)
FN:135,(anonymous_5)
FN:142,(anonymous_6)
FN:149,(anonymous_7)
FN:158,(anonymous_8)
FN:166,(anonymous_9)
FN:172,(anonymous_10)
FN:193,(anonymous_11)
FN:206,(anonymous_12)
FN:211,(anonymous_13)
FN:216,(anonymous_14)
FN:221,(anonymous_15)
FN:226,(anonymous_16)
FN:236,(anonymous_17)
FN:249,(anonymous_18)
FN:279,(anonymous_19)
FN:330,(anonymous_20)
FN:384,(anonymous_21)
FN:394,(anonymous_22)
FN:405,(anonymous_23)
FN:414,(anonymous_24)
FN:449,(anonymous_25)
FN:472,(anonymous_26)
FN:479,(anonymous_27)
FN:497,(anonymous_28)
FN:538,(anonymous_29)
FN:545,(anonymous_30)
FN:565,(anonymous_31)
FN:582,(anonymous_32)
FN:586,(anonymous_33)
FN:593,(anonymous_34)
FN:605,(anonymous_35)
FN:643,(anonymous_36)
FN:646,(anonymous_37)
FN:671,(anonymous_38)
FN:675,(anonymous_39)
FN:680,(anonymous_40)
FN:700,(anonymous_41)
FN:716,(anonymous_42)
FN:722,(anonymous_43)
FN:745,(anonymous_44)
FN:756,(anonymous_45)
FN:767,(anonymous_46)
FN:777,(anonymous_47)
FN:787,(anonymous_48)
FN:797,(anonymous_49)
FN:807,(anonymous_50)
FN:861,(anonymous_51)
FN:894,(anonymous_52)
FN:904,(anonymous_53)
FNF:54
FNH:0
FNDA:0,SessionRoom
FNDA:0,(anonymous_1)
FNDA:0,(anonymous_2)
FNDA:0,(anonymous_3)
FNDA:0,(anonymous_4)
FNDA:0,(anonymous_5)
FNDA:0,(anonymous_6)
FNDA:0,(anonymous_7)
FNDA:0,(anonymous_8)
FNDA:0,(anonymous_9)
FNDA:0,(anonymous_10)
FNDA:0,(anonymous_11)
FNDA:0,(anonymous_12)
FNDA:0,(anonymous_13)
FNDA:0,(anonymous_14)
FNDA:0,(anonymous_15)
FNDA:0,(anonymous_16)
FNDA:0,(anonymous_17)
FNDA:0,(anonymous_18)
FNDA:0,(anonymous_19)
FNDA:0,(anonymous_20)
FNDA:0,(anonymous_21)
FNDA:0,(anonymous_22)
FNDA:0,(anonymous_23)
FNDA:0,(anonymous_24)
FNDA:0,(anonymous_25)
FNDA:0,(anonymous_26)
FNDA:0,(anonymous_27)
FNDA:0,(anonymous_28)
FNDA:0,(anonymous_29)
FNDA:0,(anonymous_30)
FNDA:0,(anonymous_31)
FNDA:0,(anonymous_32)
FNDA:0,(anonymous_33)
FNDA:0,(anonymous_34)
FNDA:0,(anonymous_35)
FNDA:0,(anonymous_36)
FNDA:0,(anonymous_37)
FNDA:0,(anonymous_38)
FNDA:0,(anonymous_39)
FNDA:0,(anonymous_40)
FNDA:0,(anonymous_41)
FNDA:0,(anonymous_42)
FNDA:0,(anonymous_43)
FNDA:0,(anonymous_44)
FNDA:0,(anonymous_45)
FNDA:0,(anonymous_46)
FNDA:0,(anonymous_47)
FNDA:0,(anonymous_48)
FNDA:0,(anonymous_49)
FNDA:0,(anonymous_50)
FNDA:0,(anonymous_51)
FNDA:0,(anonymous_52)
FNDA:0,(anonymous_53)
DA:65,0
DA:66,0
DA:67,0
DA:68,0
DA:69,0
DA:72,0
DA:73,0
DA:74,0
DA:75,0
DA:78,0
DA:79,0
DA:80,0
DA:81,0
DA:82,0
DA:83,0
DA:84,0
DA:85,0
DA:88,0
DA:89,0
DA:90,0
DA:93,0
DA:94,0
DA:95,0
DA:98,0
DA:100,0
DA:107,0
DA:109,0
DA:116,0
DA:118,0
DA:125,0
DA:127,0
DA:134,0
DA:136,0
DA:137,0
DA:141,0
DA:143,0
DA:144,0
DA:148,0
DA:150,0
DA:151,0
DA:152,0
DA:153,0
DA:158,0
DA:159,0
DA:160,0
DA:161,0
DA:166,0
DA:167,0
DA:168,0
DA:172,0
DA:173,0
DA:175,0
DA:180,0
DA:181,0
DA:188,0
DA:189,0
DA:193,0
DA:194,0
DA:196,0
DA:206,0
DA:207,0
DA:211,0
DA:212,0
DA:216,0
DA:217,0
DA:221,0
DA:222,0
DA:226,0
DA:227,0
DA:229,0
DA:236,0
DA:237,0
DA:238,0
DA:239,0
DA:242,0
DA:249,0
DA:250,0
DA:280,0
DA:330,0
DA:331,0
DA:384,0
DA:394,0
DA:405,0
DA:414,0
DA:415,0
DA:449,0
DA:472,0
DA:473,0
DA:479,0
DA:498,0
DA:538,0
DA:539,0
DA:546,0
DA:565,0
DA:582,0
DA:583,0
DA:587,0
DA:594,0
DA:595,0
DA:605,0
DA:643,0
DA:644,0
DA:647,0
DA:671,0
DA:672,0
DA:676,0
DA:677,0
DA:680,0
DA:700,0
DA:716,0
DA:723,0
DA:745,0
DA:746,0
DA:753,0
DA:756,0
DA:757,0
DA:764,0
DA:767,0
DA:768,0
DA:774,0
DA:777,0
DA:778,0
DA:784,0
DA:787,0
DA:788,0
DA:794,0
DA:797,0
DA:798,0
DA:804,0
DA:807,0
DA:808,0
DA:809,0
DA:810,0
DA:812,0
DA:813,0
DA:815,0
DA:818,0
DA:819,0
DA:829,0
DA:861,0
DA:894,0
DA:904,0
LF:142
LH:0
BRDA:159,0,0,0
BRDA:159,0,1,0
BRDA:159,1,0,0
BRDA:159,1,1,0
BRDA:167,2,0,0
BRDA:167,2,1,0
BRDA:180,3,0,0
BRDA:180,3,1,0
BRDA:194,4,0,0
BRDA:194,4,1,0
BRDA:227,5,0,0
BRDA:227,5,1,0
BRDA:237,6,0,0
BRDA:237,6,1,0
BRDA:237,7,0,0
BRDA:237,7,1,0
BRDA:265,8,0,0
BRDA:265,8,1,0
BRDA:268,9,0,0
BRDA:268,9,1,0
BRDA:286,10,0,0
BRDA:286,10,1,0
BRDA:291,11,0,0
BRDA:291,11,1,0
BRDA:296,12,0,0
BRDA:296,12,1,0
BRDA:315,13,0,0
BRDA:315,13,1,0
BRDA:318,14,0,0
BRDA:318,14,1,0
BRDA:334,15,0,0
BRDA:334,15,1,0
BRDA:336,16,0,0
BRDA:336,16,1,0
BRDA:345,17,0,0
BRDA:345,17,1,0
BRDA:347,18,0,0
BRDA:347,18,1,0
BRDA:350,19,0,0
BRDA:350,19,1,0
BRDA:358,20,0,0
BRDA:358,20,1,0
BRDA:369,21,0,0
BRDA:369,21,1,0
BRDA:374,22,0,0
BRDA:374,22,1,0
BRDA:426,23,0,0
BRDA:426,23,1,0
BRDA:437,24,0,0
BRDA:437,24,1,0
BRDA:449,25,0,0
BRDA:449,25,1,0
BRDA:479,26,0,0
BRDA:479,26,1,0
BRDA:486,27,0,0
BRDA:486,27,1,0
BRDA:487,28,0,0
BRDA:487,28,1,0
BRDA:496,29,0,0
BRDA:496,29,1,0
BRDA:502,30,0,0
BRDA:502,30,1,0
BRDA:516,31,0,0
BRDA:516,31,1,0
BRDA:517,32,0,0
BRDA:517,32,1,0
BRDA:523,33,0,0
BRDA:523,33,1,0
BRDA:556,34,0,0
BRDA:556,34,1,0
BRDA:585,35,0,0
BRDA:585,35,1,0
BRDA:589,36,0,0
BRDA:589,36,1,0
BRDA:599,37,0,0
BRDA:599,37,1,0
BRDA:602,38,0,0
BRDA:602,38,1,0
BRDA:615,39,0,0
BRDA:615,39,1,0
BRDA:649,40,0,0
BRDA:649,40,1,0
BRDA:649,41,0,0
BRDA:649,41,1,0
BRDA:650,42,0,0
BRDA:650,42,1,0
BRDA:659,43,0,0
BRDA:659,43,1,0
BRDA:693,44,0,0
BRDA:693,44,1,0
BRDA:697,45,0,0
BRDA:697,45,1,0
BRDA:713,46,0,0
BRDA:713,46,1,0
BRDA:731,47,0,0
BRDA:731,47,1,0
BRDA:753,48,0,0
BRDA:753,48,1,0
BRDA:764,49,0,0
BRDA:764,49,1,0
BRDA:774,50,0,0
BRDA:774,50,1,0
BRDA:784,51,0,0
BRDA:784,51,1,0
BRDA:794,52,0,0
BRDA:794,52,1,0
BRDA:804,53,0,0
BRDA:804,53,1,0
BRDA:812,54,0,0
BRDA:812,54,1,0
BRDA:813,55,0,0
BRDA:813,55,1,0
BRDA:818,56,0,0
BRDA:818,56,1,0
BRDA:842,57,0,0
BRDA:842,57,1,0
BRDA:843,58,0,0
BRDA:843,58,1,0
BRDA:855,59,0,0
BRDA:855,59,1,0
BRDA:861,60,0,0
BRDA:861,60,1,0
BRF:122
BRH:0
end_of_record
TN:
SF:src/pages/Users/UsersList.jsx
FN:6,UsersList
FNF:1
FNH:0
FNDA:0,UsersList
DA:4,0
DA:7,0
LF:2
LH:0
BRF:0
BRH:0
end_of_record
TN:
SF:src/services/api.js
FN:17,(anonymous_0)
FN:24,(anonymous_1)
FN:31,(anonymous_2)
FN:34,(anonymous_3)
FN:58,(anonymous_4)
FN:59,(anonymous_5)
FN:60,(anonymous_6)
FN:61,(anonymous_7)
FN:66,(anonymous_8)
FN:67,(anonymous_9)
FN:68,(anonymous_10)
FN:69,(anonymous_11)
FN:70,(anonymous_12)
FN:71,(anonymous_13)
FN:72,(anonymous_14)
FN:73,(anonymous_15)
FN:74,(anonymous_16)
FN:79,(anonymous_17)
FN:80,(anonymous_18)
FN:81,(anonymous_19)
FN:82,(anonymous_20)
FN:83,(anonymous_21)
FN:84,(anonymous_22)
FN:85,(anonymous_23)
FN:90,(anonymous_24)
FN:91,(anonymous_25)
FN:92,(anonymous_26)
FN:93,(anonymous_27)
FN:94,(anonymous_28)
FN:95,(anonymous_29)
FN:100,(anonymous_30)
FN:101,(anonymous_31)
FN:102,(anonymous_32)
FN:103,(anonymous_33)
FN:104,(anonymous_34)
FN:109,(anonymous_35)
FN:110,(anonymous_36)
FN:111,(anonymous_37)
FN:112,(anonymous_38)
FN:113,(anonymous_39)
FN:114,(anonymous_40)
FN:115,(anonymous_41)
FN:116,(anonymous_42)
FN:117,(anonymous_43)
FN:118,(anonymous_44)
FN:124,(anonymous_45)
FN:125,(anonymous_46)
FN:126,(anonymous_47)
FN:129,(anonymous_48)
FN:130,(anonymous_49)
FN:131,(anonymous_50)
FN:134,(anonymous_51)
FN:135,(anonymous_52)
FN:137,(anonymous_53)
FN:141,(anonymous_54)
FN:142,(anonymous_55)
FN:143,(anonymous_56)
FN:146,(anonymous_57)
FN:147,(anonymous_58)
FN:148,(anonymous_59)
FN:151,(anonymous_60)
FN:157,(anonymous_61)
FN:160,(anonymous_62)
FN:163,(anonymous_63)
FN:166,(anonymous_64)
FN:169,(anonymous_65)
FN:172,(anonymous_66)
FN:178,(anonymous_67)
FN:182,(anonymous_68)
FN:186,(anonymous_69)
FN:190,(anonymous_70)
FN:193,(anonymous_71)
FN:200,(anonymous_72)
FN:201,(anonymous_73)
FN:202,(anonymous_74)
FN:203,(anonymous_75)
FN:204,(anonymous_76)
FN:207,(anonymous_77)
FN:208,(anonymous_78)
FN:209,(anonymous_79)
FN:210,(anonymous_80)
FN:213,(anonymous_81)
FN:214,(anonymous_82)
FN:215,(anonymous_83)
FN:217,(anonymous_84)
FN:221,(anonymous_85)
FN:222,(anonymous_86)
FN:223,(anonymous_87)
FN:225,(anonymous_88)
FN:229,(anonymous_89)
FN:230,(anonymous_90)
FN:231,(anonymous_91)
FN:232,(anonymous_92)
FN:233,(anonymous_93)
FN:234,(anonymous_94)
FN:235,(anonymous_95)
FN:238,(anonymous_96)
FN:239,(anonymous_97)
FN:240,(anonymous_98)
FN:241,(anonymous_99)
FN:244,(anonymous_100)
FN:245,(anonymous_101)
FN:249,(anonymous_102)
FN:253,(anonymous_103)
FN:254,(anonymous_104)
FN:255,(anonymous_105)
FN:257,(anonymous_106)
FN:259,(anonymous_107)
FN:263,(anonymous_108)
FN:264,(anonymous_109)
FN:265,(anonymous_110)
FN:267,(anonymous_111)
FN:271,(anonymous_112)
FN:272,(anonymous_113)
FN:273,(anonymous_114)
FN:274,(anonymous_115)
FN:278,(anonymous_116)
FN:279,(anonymous_117)
FN:280,(anonymous_118)
FN:283,(anonymous_119)
FN:284,(anonymous_120)
FN:285,(anonymous_121)
FN:289,(anonymous_122)
FN:291,(anonymous_123)
FN:295,(anonymous_124)
FN:296,(anonymous_125)
FN:297,(anonymous_126)
FN:304,(anonymous_127)
FN:305,(anonymous_128)
FN:306,(anonymous_129)
FN:307,(anonymous_130)
FN:308,(anonymous_131)
FN:311,(anonymous_132)
FN:312,(anonymous_133)
FN:315,(anonymous_134)
FN:316,(anonymous_135)
FN:317,(anonymous_136)
FN:320,(anonymous_137)
FN:321,(anonymous_138)
FN:322,(anonymous_139)
FN:325,(anonymous_140)
FN:327,(anonymous_141)
FN:336,(anonymous_142)
FN:337,(anonymous_143)
FN:338,(anonymous_144)
FN:339,(anonymous_145)
FN:340,(anonymous_146)
FN:343,(anonymous_147)
FN:345,(anonymous_148)
FN:347,(anonymous_149)
FN:351,(anonymous_150)
FN:352,(anonymous_151)
FN:357,(anonymous_152)
FN:358,(anonymous_153)
FN:359,(anonymous_154)
FN:364,(anonymous_155)
FN:368,(anonymous_156)
FN:380,(anonymous_157)
FN:397,(anonymous_158)
FN:398,(anonymous_159)
FN:399,(anonymous_160)
FN:400,(anonymous_161)
FN:401,(anonymous_162)
FN:404,(anonymous_163)
FN:405,(anonymous_164)
FN:406,(anonymous_165)
FN:409,(anonymous_166)
FN:412,(anonymous_167)
FN:418,(anonymous_168)
FN:419,(anonymous_169)
FN:420,(anonymous_170)
FN:423,(anonymous_171)
FN:424,(anonymous_172)
FN:427,(anonymous_173)
FN:430,(anonymous_174)
FN:431,(anonymous_175)
FNF:176
FNH:0
FNDA:0,(anonymous_0)
FNDA:0,(anonymous_1)
FNDA:0,(anonymous_2)
FNDA:0,(anonymous_3)
FNDA:0,(anonymous_4)
FNDA:0,(anonymous_5)
FNDA:0,(anonymous_6)
FNDA:0,(anonymous_7)
FNDA:0,(anonymous_8)
FNDA:0,(anonymous_9)
FNDA:0,(anonymous_10)
FNDA:0,(anonymous_11)
FNDA:0,(anonymous_12)
FNDA:0,(anonymous_13)
FNDA:0,(anonymous_14)
FNDA:0,(anonymous_15)
FNDA:0,(anonymous_16)
FNDA:0,(anonymous_17)
FNDA:0,(anonymous_18)
FNDA:0,(anonymous_19)
FNDA:0,(anonymous_20)
FNDA:0,(anonymous_21)
FNDA:0,(anonymous_22)
FNDA:0,(anonymous_23)
FNDA:0,(anonymous_24)
FNDA:0,(anonymous_25)
FNDA:0,(anonymous_26)
FNDA:0,(anonymous_27)
FNDA:0,(anonymous_28)
FNDA:0,(anonymous_29)
FNDA:0,(anonymous_30)
FNDA:0,(anonymous_31)
FNDA:0,(anonymous_32)
FNDA:0,(anonymous_33)
FNDA:0,(anonymous_34)
FNDA:0,(anonymous_35)
FNDA:0,(anonymous_36)
FNDA:0,(anonymous_37)
FNDA:0,(anonymous_38)
FNDA:0,(anonymous_39)
FNDA:0,(anonymous_40)
FNDA:0,(anonymous_41)
FNDA:0,(anonymous_42)
FNDA:0,(anonymous_43)
FNDA:0,(anonymous_44)
FNDA:0,(anonymous_45)
FNDA:0,(anonymous_46)
FNDA:0,(anonymous_47)
FNDA:0,(anonymous_48)
FNDA:0,(anonymous_49)
FNDA:0,(anonymous_50)
FNDA:0,(anonymous_51)
FNDA:0,(anonymous_52)
FNDA:0,(anonymous_53)
FNDA:0,(anonymous_54)
FNDA:0,(anonymous_55)
FNDA:0,(anonymous_56)
FNDA:0,(anonymous_57)
FNDA:0,(anonymous_58)
FNDA:0,(anonymous_59)
FNDA:0,(anonymous_60)
FNDA:0,(anonymous_61)
FNDA:0,(anonymous_62)
FNDA:0,(anonymous_63)
FNDA:0,(anonymous_64)
FNDA:0,(anonymous_65)
FNDA:0,(anonymous_66)
FNDA:0,(anonymous_67)
FNDA:0,(anonymous_68)
FNDA:0,(anonymous_69)
FNDA:0,(anonymous_70)
FNDA:0,(anonymous_71)
FNDA:0,(anonymous_72)
FNDA:0,(anonymous_73)
FNDA:0,(anonymous_74)
FNDA:0,(anonymous_75)
FNDA:0,(anonymous_76)
FNDA:0,(anonymous_77)
FNDA:0,(anonymous_78)
FNDA:0,(anonymous_79)
FNDA:0,(anonymous_80)
FNDA:0,(anonymous_81)
FNDA:0,(anonymous_82)
FNDA:0,(anonymous_83)
FNDA:0,(anonymous_84)
FNDA:0,(anonymous_85)
FNDA:0,(anonymous_86)
FNDA:0,(anonymous_87)
FNDA:0,(anonymous_88)
FNDA:0,(anonymous_89)
FNDA:0,(anonymous_90)
FNDA:0,(anonymous_91)
FNDA:0,(anonymous_92)
FNDA:0,(anonymous_93)
FNDA:0,(anonymous_94)
FNDA:0,(anonymous_95)
FNDA:0,(anonymous_96)
FNDA:0,(anonymous_97)
FNDA:0,(anonymous_98)
FNDA:0,(anonymous_99)
FNDA:0,(anonymous_100)
FNDA:0,(anonymous_101)
FNDA:0,(anonymous_102)
FNDA:0,(anonymous_103)
FNDA:0,(anonymous_104)
FNDA:0,(anonymous_105)
FNDA:0,(anonymous_106)
FNDA:0,(anonymous_107)
FNDA:0,(anonymous_108)
FNDA:0,(anonymous_109)
FNDA:0,(anonymous_110)
FNDA:0,(anonymous_111)
FNDA:0,(anonymous_112)
FNDA:0,(anonymous_113)
FNDA:0,(anonymous_114)
FNDA:0,(anonymous_115)
FNDA:0,(anonymous_116)
FNDA:0,(anonymous_117)
FNDA:0,(anonymous_118)
FNDA:0,(anonymous_119)
FNDA:0,(anonymous_120)
FNDA:0,(anonymous_121)
FNDA:0,(anonymous_122)
FNDA:0,(anonymous_123)
FNDA:0,(anonymous_124)
FNDA:0,(anonymous_125)
FNDA:0,(anonymous_126)
FNDA:0,(anonymous_127)
FNDA:0,(anonymous_128)
FNDA:0,(anonymous_129)
FNDA:0,(anonymous_130)
FNDA:0,(anonymous_131)
FNDA:0,(anonymous_132)
FNDA:0,(anonymous_133)
FNDA:0,(anonymous_134)
FNDA:0,(anonymous_135)
FNDA:0,(anonymous_136)
FNDA:0,(anonymous_137)
FNDA:0,(anonymous_138)
FNDA:0,(anonymous_139)
FNDA:0,(anonymous_140)
FNDA:0,(anonymous_141)
FNDA:0,(anonymous_142)
FNDA:0,(anonymous_143)
FNDA:0,(anonymous_144)
FNDA:0,(anonymous_145)
FNDA:0,(anonymous_146)
FNDA:0,(anonymous_147)
FNDA:0,(anonymous_148)
FNDA:0,(anonymous_149)
FNDA:0,(anonymous_150)
FNDA:0,(anonymous_151)
FNDA:0,(anonymous_152)
FNDA:0,(anonymous_153)
FNDA:0,(anonymous_154)
FNDA:0,(anonymous_155)
FNDA:0,(anonymous_156)
FNDA:0,(anonymous_157)
FNDA:0,(anonymous_158)
FNDA:0,(anonymous_159)
FNDA:0,(anonymous_160)
FNDA:0,(anonymous_161)
FNDA:0,(anonymous_162)
FNDA:0,(anonymous_163)
FNDA:0,(anonymous_164)
FNDA:0,(anonymous_165)
FNDA:0,(anonymous_166)
FNDA:0,(anonymous_167)
FNDA:0,(anonymous_168)
FNDA:0,(anonymous_169)
FNDA:0,(anonymous_170)
FNDA:0,(anonymous_171)
FNDA:0,(anonymous_172)
FNDA:0,(anonymous_173)
FNDA:0,(anonymous_174)
FNDA:0,(anonymous_175)
DA:4,0
DA:6,0
DA:16,0
DA:18,0
DA:19,0
DA:20,0
DA:22,0
DA:25,0
DA:30,0
DA:32,0
DA:36,0
DA:37,0
DA:38,0
DA:39,0
DA:43,0
DA:44,0
DA:48,0
DA:57,0
DA:58,0
DA:59,0
DA:60,0
DA:61,0
DA:65,0
DA:66,0
DA:67,0
DA:68,0
DA:69,0
DA:70,0
DA:71,0
DA:72,0
DA:73,0
DA:74,0
DA:78,0
DA:79,0
DA:80,0
DA:81,0
DA:82,0
DA:83,0
DA:84,0
DA:85,0
DA:89,0
DA:90,0
DA:91,0
DA:92,0
DA:93,0
DA:94,0
DA:95,0
DA:99,0
DA:100,0
DA:101,0
DA:102,0
DA:103,0
DA:104,0
DA:108,0
DA:109,0
DA:110,0
DA:111,0
DA:112,0
DA:113,0
DA:114,0
DA:115,0
DA:116,0
DA:117,0
DA:118,0
DA:122,0
DA:124,0
DA:125,0
DA:126,0
DA:129,0
DA:130,0
DA:131,0
DA:134,0
DA:136,0
DA:138,0
DA:141,0
DA:142,0
DA:143,0
DA:146,0
DA:147,0
DA:148,0
DA:151,0
DA:155,0
DA:157,0
DA:160,0
DA:163,0
DA:166,0
DA:169,0
DA:172,0
DA:176,0
DA:179,0
DA:183,0
DA:187,0
DA:190,0
DA:194,0
DA:198,0
DA:200,0
DA:201,0
DA:202,0
DA:203,0
DA:204,0
DA:207,0
DA:208,0
DA:209,0
DA:210,0
DA:213,0
DA:214,0
DA:216,0
DA:218,0
DA:221,0
DA:222,0
DA:224,0
DA:226,0
DA:229,0
DA:230,0
DA:231,0
DA:232,0
DA:233,0
DA:234,0
DA:235,0
DA:238,0
DA:239,0
DA:240,0
DA:241,0
DA:244,0
DA:246,0
DA:250,0
DA:253,0
DA:254,0
DA:256,0
DA:258,0
DA:260,0
DA:263,0
DA:264,0
DA:266,0
DA:268,0
DA:271,0
DA:272,0
DA:273,0
DA:275,0
DA:278,0
DA:279,0
DA:280,0
DA:283,0
DA:284,0
DA:286,0
DA:290,0
DA:292,0
DA:295,0
DA:296,0
DA:298,0
DA:302,0
DA:304,0
DA:305,0
DA:306,0
DA:307,0
DA:308,0
DA:311,0
DA:312,0
DA:315,0
DA:316,0
DA:317,0
DA:320,0
DA:321,0
DA:322,0
DA:326,0
DA:328,0
DA:334,0
DA:336,0
DA:337,0
DA:338,0
DA:339,0
DA:340,0
DA:344,0
DA:346,0
DA:348,0
DA:351,0
DA:352,0
DA:356,0
DA:357,0
DA:358,0
DA:359,0
DA:363,0
DA:364,0
DA:368,0
DA:369,0
DA:370,0
DA:371,0
DA:372,0
DA:373,0
DA:374,0
DA:375,0
DA:376,0
DA:380,0
DA:381,0
DA:382,0
DA:385,0
DA:387,0
DA:388,0
DA:391,0
DA:395,0
DA:397,0
DA:398,0
DA:399,0
DA:400,0
DA:401,0
DA:404,0
DA:405,0
DA:406,0
DA:409,0
DA:412,0
DA:416,0
DA:418,0
DA:419,0
DA:420,0
DA:423,0
DA:424,0
DA:427,0
DA:430,0
DA:431,0
LF:219
LH:0
BRDA:4,0,0,0
BRDA:4,0,1,0
BRDA:19,1,0,0
BRDA:19,1,1,0
BRDA:36,2,0,0
BRDA:36,2,1,0
BRDA:43,3,0,0
BRDA:43,3,1,0
BRDA:49,4,0,0
BRDA:49,4,1,0
BRDA:50,5,0,0
BRDA:50,5,1,0
BRDA:66,6,0,0
BRDA:71,7,0,0
BRDA:72,8,0,0
BRDA:80,9,0,0
BRDA:81,10,0,0
BRDA:82,11,0,0
BRDA:84,12,0,0
BRDA:90,13,0,0
BRDA:100,14,0,0
BRDA:109,15,0,0
BRDA:178,16,0,0
BRDA:182,17,0,0
BRDA:186,18,0,0
BRDA:267,19,0,0
BRDA:325,20,0,0
BRDA:343,21,0,0
BRDA:381,22,0,0
BRDA:381,22,1,0
BRDA:385,23,0,0
BRDA:385,23,1,0
BRDA:385,24,0,0
BRDA:385,24,1,0
BRDA:391,25,0,0
BRDA:391,25,1,0
BRDA:397,26,0,0
BRF:37
BRH:0
end_of_record
